<?xml version="1.0" encoding="UTF-8"?>
<testsuite name="com.chobo.book.springboot.web.HelloControllerTest" tests="2" skipped="0" failures="0" errors="0" timestamp="2021-01-17T15:08:58" hostname="DESKTOP-N5QECRL" time="0.23">
  <properties/>
  <testcase name="hello가_리턴되다" classname="com.chobo.book.springboot.web.HelloControllerTest" time="0.09"/>
  <testcase name="helloDto가_리턴된다" classname="com.chobo.book.springboot.web.HelloControllerTest" time="0.14"/>
  <system-out><![CDATA[2021-01-18 00:08:56.414  INFO 4244 --- [    Test worker] .b.t.a.w.s.WebMvcTestContextBootstrapper : Neither @ContextConfiguration nor @ContextHierarchy found for test class [com.chobo.book.springboot.web.HelloControllerTest], using SpringBootContextLoader
2021-01-18 00:08:56.416  INFO 4244 --- [    Test worker] o.s.t.c.support.AbstractContextLoader    : Could not detect default resource locations for test class [com.chobo.book.springboot.web.HelloControllerTest]: no resource found for suffixes {-context.xml, Context.groovy}.
2021-01-18 00:08:56.417  INFO 4244 --- [    Test worker] t.c.s.AnnotationConfigContextLoaderUtils : Could not detect default configuration classes for test class [com.chobo.book.springboot.web.HelloControllerTest]: HelloControllerTest does not declare any static, non-private, non-final, nested classes annotated with @Configuration.
2021-01-18 00:08:56.466  INFO 4244 --- [    Test worker] .b.t.c.SpringBootTestContextBootstrapper : Found @SpringBootConfiguration com.chobo.book.springboot.Application for test class com.chobo.book.springboot.web.HelloControllerTest
2021-01-18 00:08:56.468  INFO 4244 --- [    Test worker] .b.t.a.w.s.WebMvcTestContextBootstrapper : Loaded default TestExecutionListener class names from location [META-INF/spring.factories]: [org.springframework.security.test.context.support.WithSecurityContextTestExecutionListener, org.springframework.security.test.context.support.ReactorContextTestExecutionListener, org.springframework.boot.test.autoconfigure.restdocs.RestDocsTestExecutionListener, org.springframework.boot.test.autoconfigure.web.client.MockRestServiceServerResetTestExecutionListener, org.springframework.boot.test.autoconfigure.web.servlet.MockMvcPrintOnlyOnFailureTestExecutionListener, org.springframework.boot.test.autoconfigure.web.servlet.WebDriverTestExecutionListener, org.springframework.boot.test.mock.mockito.MockitoTestExecutionListener, org.springframework.boot.test.mock.mockito.ResetMocksTestExecutionListener, org.springframework.test.context.web.ServletTestExecutionListener, org.springframework.test.context.support.DirtiesContextBeforeModesTestExecutionListener, org.springframework.test.context.support.DependencyInjectionTestExecutionListener, org.springframework.test.context.support.DirtiesContextTestExecutionListener, org.springframework.test.context.transaction.TransactionalTestExecutionListener, org.springframework.test.context.jdbc.SqlScriptsTestExecutionListener]
2021-01-18 00:08:56.471  INFO 4244 --- [    Test worker] .b.t.a.w.s.WebMvcTestContextBootstrapper : Using TestExecutionListeners: [org.springframework.test.context.web.ServletTestExecutionListener@64d45bf, org.springframework.test.context.support.DirtiesContextBeforeModesTestExecutionListener@166fb59c, org.springframework.boot.test.mock.mockito.MockitoTestExecutionListener@92d3965, org.springframework.boot.test.autoconfigure.SpringBootDependencyInjectionTestExecutionListener@49964722, org.springframework.test.context.support.DirtiesContextTestExecutionListener@251a8312, org.springframework.test.context.transaction.TransactionalTestExecutionListener@4eb21178, org.springframework.test.context.jdbc.SqlScriptsTestExecutionListener@2e34efda, org.springframework.security.test.context.support.WithSecurityContextTestExecutionListener@55e01269, org.springframework.security.test.context.support.ReactorContextTestExecutionListener@241309d4, org.springframework.boot.test.autoconfigure.restdocs.RestDocsTestExecutionListener@7af4f5ff, org.springframework.boot.test.autoconfigure.web.client.MockRestServiceServerResetTestExecutionListener@73378f44, org.springframework.boot.test.autoconfigure.web.servlet.MockMvcPrintOnlyOnFailureTestExecutionListener@2611b811, org.springframework.boot.test.autoconfigure.web.servlet.WebDriverTestExecutionListener@1a7058ae, org.springframework.boot.test.mock.mockito.ResetMocksTestExecutionListener@47f61d12]

  .   ____          _            __ _ _
 /\\ / ___'_ __ _ _(_)_ __  __ _ \ \ \ \
( ( )\___ | '_ | '_| | '_ \/ _` | \ \ \ \
 \\/  ___)| |_)| | | | | || (_| |  ) ) ) )
  '  |____| .__|_| |_|_| |_\__, | / / / /
 =========|_|==============|___/=/_/_/_/
 :: Spring Boot ::        (v2.1.9.RELEASE)

2021-01-18 00:08:56.534  INFO 4244 --- [    Test worker] c.c.b.s.web.HelloControllerTest          : Starting HelloControllerTest on DESKTOP-N5QECRL with PID 4244 (started by mk0227 in C:\workspaceweb)
2021-01-18 00:08:56.537  INFO 4244 --- [    Test worker] c.c.b.s.web.HelloControllerTest          : No active profile set, falling back to default profiles: default
2021-01-18 00:08:57.276  INFO 4244 --- [    Test worker] o.s.s.concurrent.ThreadPoolTaskExecutor  : Initializing ExecutorService 'applicationTaskExecutor'
2021-01-18 00:08:57.343  INFO 4244 --- [    Test worker] o.s.b.a.w.s.WelcomePageHandlerMapping    : Adding welcome page template: index
2021-01-18 00:08:57.672  INFO 4244 --- [    Test worker] .s.s.UserDetailsServiceAutoConfiguration : 

Using generated security password: 90a42273-733f-4413-9ca6-badf59a42950

2021-01-18 00:08:57.886  INFO 4244 --- [    Test worker] o.s.s.web.DefaultSecurityFilterChain     : Creating filter chain: any request, [org.springframework.security.web.context.request.async.WebAsyncManagerIntegrationFilter@242446a2, org.springframework.security.web.context.SecurityContextPersistenceFilter@fe14df1, org.springframework.security.web.header.HeaderWriterFilter@3e689bc7, org.springframework.security.web.csrf.CsrfFilter@2ad74d32, org.springframework.security.web.authentication.logout.LogoutFilter@3f07215, org.springframework.security.web.authentication.UsernamePasswordAuthenticationFilter@1559f564, org.springframework.security.web.authentication.ui.DefaultLoginPageGeneratingFilter@1cf9120c, org.springframework.security.web.authentication.ui.DefaultLogoutPageGeneratingFilter@5133d44c, org.springframework.security.web.authentication.www.BasicAuthenticationFilter@1f6e2b87, org.springframework.security.web.savedrequest.RequestCacheAwareFilter@7f15e603, org.springframework.security.web.servletapi.SecurityContextHolderAwareRequestFilter@5d9fc85, org.springframework.security.web.authentication.AnonymousAuthenticationFilter@3feffffe, org.springframework.security.web.session.SessionManagementFilter@2ec6ffe5, org.springframework.security.web.access.ExceptionTranslationFilter@79f13eb0, org.springframework.security.web.access.intercept.FilterSecurityInterceptor@29e0a49c]
2021-01-18 00:08:57.946  INFO 4244 --- [    Test worker] o.s.b.t.m.w.SpringBootMockServletContext : Initializing Spring TestDispatcherServlet ''
2021-01-18 00:08:57.946  INFO 4244 --- [    Test worker] o.s.t.web.servlet.TestDispatcherServlet  : Initializing Servlet ''
2021-01-18 00:08:57.968  INFO 4244 --- [    Test worker] o.s.t.web.servlet.TestDispatcherServlet  : Completed initialization in 21 ms
2021-01-18 00:08:58.010  INFO 4244 --- [    Test worker] c.c.b.s.web.HelloControllerTest          : Started HelloControllerTest in 1.534 seconds (JVM running for 10.824)
]]></system-out>
  <system-err><![CDATA[]]></system-err>
</testsuite>
